###############################################################
#  Generated by:      Cadence Encounter 11.12-s136_1
#  OS:                Linux x86_64(Host ID vlsi-17.engr.usu.edu)
#  Generated on:      Wed Apr 23 23:09:36 2014
#  Design:            float_multiply
#  Command:           verifyConnectivity
###############################################################
Verify Connectivity Report is created on Wed Apr 23 23:09:36 2014



Net clk__L3_N58, Pin Y_reg_24_/CK: unconnected terminal at (247.870, 258.490) (248.020, 258.720)
Net clk__L3_N58: open at (223.780, 256.220) (252.420, 279.110)
Net clk__L3_N58: dangling Wire at (252.420, 258.720) (252.420, 258.720) on layer: M1
Net clk__L3_N56, Pin diffx3_reg_45_/CK: unconnected terminal at (108.150, 273.280) (108.300, 273.510)
Net clk__L3_N56: open at (81.830, 256.220) (112.700, 279.160)
Net clk__L3_N56: dangling Wire at (112.700, 273.280) (112.700, 273.280) on layer: M1
Net clk__L3_N53, Pin X1_reg_29_/CK: unconnected terminal at (275.310, 250.880) (275.460, 251.110)
Net clk__L3_N53: open at (249.820, 228.200) (279.860, 253.380)
Net clk__L3_N53: dangling Wire at (279.860, 250.880) (279.860, 250.880) on layer: M1
Net clk__L3_N52, Pin X2_reg_5_/CK: unconnected terminal at (230.510, 230.490) (230.660, 230.720)
Net clk__L3_N52, Pin X2_reg_15_/CK: unconnected terminal at (215.380, 239.680) (215.530, 239.910)
Net clk__L3_N52: open at (210.980, 228.220) (249.690, 251.110)
Net clk__L3_N52: dangling Wire at (210.980, 239.680) (210.980, 239.680) on layer: M1
Net clk__L3_N52: dangling Wire at (235.060, 230.720) (235.060, 230.720) on layer: M1
Net clk__L3_N51, Pin regMulRES_reg_43_/CK: unconnected terminal at (135.590, 252.890) (135.740, 253.120)
Net clk__L3_N51, Pin diffx2_reg_42_/CK: unconnected terminal at (103.380, 230.490) (103.530, 230.720)
Net clk__L3_N51: open at (98.980, 228.220) (140.140, 253.380)
Net clk__L3_N51: dangling Wire at (140.140, 253.120) (140.140, 253.120) on layer: M1
Net clk__L3_N51: dangling Wire at (98.980, 230.720) (98.980, 230.720) on layer: M1
Net clk__L3_N48, Pin diffy1_reg_42_/CK: unconnected terminal at (31.140, 245.280) (31.290, 245.510)
Net clk__L3_N48: open at (0.070, 230.490) (31.290, 253.380)
Net clk__L3_N48: dangling Wire at (26.740, 245.280) (26.740, 245.280) on layer: M1
Net clk__L3_N47, Pin regMulX2_reg_7_/CK: unconnected terminal at (240.860, 211.680) (241.010, 211.910)
Net clk__L3_N47, Pin regMulX1_reg_9_/CK: unconnected terminal at (264.670, 200.480) (264.820, 200.710)
Net clk__L3_N47: open at (236.460, 196.890) (269.220, 225.380)
Net clk__L3_N47: dangling Wire at (269.220, 200.480) (269.220, 200.480) on layer: M1
Net clk__L3_N47: dangling Wire at (236.460, 211.680) (236.460, 211.680) on layer: M1
Net clk__L3_N46, Pin regMulX2_reg_4_/CK: unconnected terminal at (231.630, 213.690) (231.780, 213.920)
Net clk__L3_N46, Pin X2_reg_13_/CK: unconnected terminal at (212.860, 224.890) (213.010, 225.120)
Net clk__L3_N46: open at (208.460, 202.490) (236.180, 225.120)
Net clk__L3_N46: dangling Wire at (208.460, 225.120) (208.460, 225.120) on layer: M1
Net clk__L3_N46: dangling Wire at (236.180, 213.920) (236.180, 213.920) on layer: M1
Net clk__L3_N44, Pin resx_test2_reg_34_/CK: unconnected terminal at (90.230, 208.090) (90.380, 208.320)
Net clk__L3_N44: open at (67.830, 196.890) (94.780, 225.380)
Net clk__L3_N44: dangling Wire at (94.780, 208.320) (94.780, 208.320) on layer: M1
Net clk__L3_N43, Pin resy_test1_reg_40_/CK: unconnected terminal at (61.670, 222.880) (61.820, 223.110)
Net clk__L3_N43: open at (39.820, 196.890) (66.220, 228.710)
Net clk__L3_N43: dangling Wire at (66.220, 222.880) (66.220, 222.880) on layer: M1
Net clk__L3_N42, Pin diffy2_out_reg_39_/CK: unconnected terminal at (4.540, 224.890) (4.690, 225.120)
Net clk__L3_N42: open at (0.140, 200.220) (36.610, 228.710)
Net clk__L3_N42: dangling Wire at (0.140, 225.120) (0.140, 225.120) on layer: M1
Net clk__L3_N40, Pin diffx3_out_reg_39_/CK: unconnected terminal at (133.630, 161.280) (133.780, 161.510)
Net clk__L3_N40: open at (108.430, 161.280) (232.890, 191.780)
Net clk__L3_N40: dangling Wire at (138.180, 161.280) (138.180, 161.280) on layer: M1
Net clk__L3_N39, Pin resx_org_reg_38_/CK: unconnected terminal at (79.300, 161.280) (79.450, 161.510)
Net clk__L3_N39: open at (74.900, 161.280) (133.120, 195.110)
Net clk__L3_N39: dangling Wire at (74.900, 161.280) (74.900, 161.280) on layer: M1
Net clk__L3_N36, Pin diffy2_out_reg_36_/CK: unconnected terminal at (4.820, 194.880) (4.970, 195.110)
Net clk__L3_N36: open at (0.420, 161.020) (120.800, 197.380)
Net clk__L3_N36: dangling Wire at (0.420, 194.880) (0.420, 194.880) on layer: M1
Net clk__L3_N34, Pin diffx2_out_reg_39_/CK: unconnected terminal at (114.300, 144.480) (114.450, 144.710)
Net clk__L3_N34: open at (109.900, 124.090) (140.220, 155.910)
Net clk__L3_N34: dangling Wire at (109.900, 144.480) (109.900, 144.480) on layer: M1
Net clk__L3_N31, Pin diffx3_out_reg_29_/CK: unconnected terminal at (55.230, 133.280) (55.380, 133.510)
Net clk__L3_N31: open at (32.260, 124.090) (59.780, 155.910)
Net clk__L3_N31: dangling Wire at (59.780, 133.280) (59.780, 133.280) on layer: M1
Net clk__L3_N30, Pin diffy2_reg_34_/CK: unconnected terminal at (6.220, 152.090) (6.370, 152.320)
Net clk__L3_N30, Pin resy_test1_reg_34_/CK: unconnected terminal at (26.950, 157.690) (27.100, 157.920)
Net clk__L3_N30: open at (1.820, 124.090) (31.500, 157.920)
Net clk__L3_N30: dangling Wire at (31.500, 157.920) (31.500, 157.920) on layer: M1
Net clk__L3_N30: dangling Wire at (1.820, 152.320) (1.820, 152.320) on layer: M1
Net clk__L3_N29, Pin diffy2_out_reg_6_/CK: unconnected terminal at (180.380, 122.080) (180.530, 122.310)
Net clk__L3_N29, Pin regMulRES_reg_22_/CK: unconnected terminal at (219.030, 105.280) (219.180, 105.510)
Net clk__L3_N29: open at (175.980, 101.690) (223.580, 122.310)
Net clk__L3_N29: dangling Wire at (223.580, 105.280) (223.580, 105.280) on layer: M1
Net clk__L3_N29: dangling Wire at (175.980, 122.080) (175.980, 122.080) on layer: M1
Net clk__L3_N26, Pin diffx2_out_reg_22_/CK: unconnected terminal at (83.220, 101.690) (83.370, 101.920)
Net clk__L3_N26: open at (78.820, 99.420) (126.490, 122.310)
Net clk__L3_N26: dangling Wire at (78.820, 101.920) (78.820, 101.920) on layer: M1
Net clk__L3_N25, Pin diffx2_reg_25_/CK: unconnected terminal at (66.140, 107.290) (66.290, 107.520)
Net clk__L3_N25: open at (48.220, 99.420) (78.330, 122.310)
Net clk__L3_N25: dangling Wire at (61.740, 107.520) (61.740, 107.520) on layer: M1
Net clk__L3_N24, Pin resx_test2_reg_25_/CK: unconnected terminal at (5.100, 105.280) (5.250, 105.510)
Net clk__L3_N24, Pin resx_test2_reg_26_/CK: unconnected terminal at (5.660, 122.080) (5.810, 122.310)
Net clk__L3_N24: open at (0.700, 101.690) (38.580, 124.580)
Net clk__L3_N24: dangling Wire at (0.700, 105.280) (0.700, 105.280) on layer: M1
Net clk__L3_N24: dangling Wire at (1.260, 122.080) (1.260, 122.080) on layer: M1
Net clk__L3_N23, Pin regMulRES_reg_20_/CK: unconnected terminal at (229.110, 73.690) (229.260, 73.920)
Net clk__L3_N23: open at (187.390, 73.690) (233.660, 96.580)
Net clk__L3_N23: dangling Wire at (233.660, 73.920) (233.660, 73.920) on layer: M1
Net clk__L3_N19, Pin diffx1_reg_22_/CK: unconnected terminal at (97.790, 84.890) (97.940, 85.120)
Net clk__L3_N19: open at (57.460, 77.020) (102.340, 96.580)
Net clk__L3_N19: dangling Wire at (102.340, 85.120) (102.340, 85.120) on layer: M1
Net clk__L3_N18, Pin resy_test2_reg_27_/CK: unconnected terminal at (5.380, 79.290) (5.530, 79.520)
Net clk__L3_N18: open at (0.980, 77.020) (57.330, 99.910)
Net clk__L3_N18: dangling Wire at (0.980, 79.520) (0.980, 79.520) on layer: M1
Net clk__L3_N17, Pin regMulRES_reg_3_/CK: unconnected terminal at (231.350, 66.080) (231.500, 66.310)
Net clk__L3_N17: open at (198.020, 54.620) (235.900, 71.910)
Net clk__L3_N17: dangling Wire at (235.900, 66.080) (235.900, 66.080) on layer: M1
Net clk__L3_N16, Pin diffx1_out_reg_2_/CK: unconnected terminal at (179.540, 51.290) (179.690, 51.520)
Net clk__L3_N16: open at (175.140, 51.290) (197.330, 71.910)
Net clk__L3_N16: dangling Wire at (175.140, 51.520) (175.140, 51.520) on layer: M1
Net clk__L3_N15, Pin resy_org_reg_13_/CK: unconnected terminal at (170.310, 71.680) (170.460, 71.910)
Net clk__L3_N15: open at (117.390, 51.290) (174.860, 71.910)
Net clk__L3_N15: dangling Wire at (174.860, 71.680) (174.860, 71.680) on layer: M1
Net clk__L3_N14, Pin diffy2_out_reg_23_/CK: unconnected terminal at (84.900, 54.880) (85.050, 55.110)
Net clk__L3_N14: open at (80.500, 51.290) (113.620, 74.180)
Net clk__L3_N14: dangling Wire at (80.500, 54.880) (80.500, 54.880) on layer: M1
Net clk__L3_N13, Pin resy_org_reg_27_/CK: unconnected terminal at (49.900, 60.480) (50.050, 60.710)
Net clk__L3_N13: open at (28.900, 54.620) (71.340, 74.180)
Net clk__L3_N13: dangling Wire at (45.500, 60.480) (45.500, 60.480) on layer: M1
Net clk__L3_N12, Pin resy_org_reg_30_/CK: unconnected terminal at (20.790, 66.080) (20.940, 66.310)
Net clk__L3_N12: open at (0.070, 54.620) (25.340, 74.180)
Net clk__L3_N12: dangling Wire at (25.340, 66.080) (25.340, 66.080) on layer: M1
Net clk__L3_N11, Pin regMulRES_reg_4_/CK: unconnected terminal at (230.790, 40.090) (230.940, 40.320)
Net clk__L3_N11: open at (187.110, 26.620) (235.340, 49.510)
Net clk__L3_N11: dangling Wire at (235.340, 40.320) (235.340, 40.320) on layer: M1
Net clk__L3_N10, Pin diffx1_reg_3_/CK: unconnected terminal at (178.430, 43.680) (178.580, 43.910)
Net clk__L3_N10, Pin resx_org_reg_11_/CK: unconnected terminal at (170.030, 49.280) (170.180, 49.510)
Net clk__L3_N10: open at (153.220, 28.890) (182.980, 49.510)
Net clk__L3_N10: dangling Wire at (182.980, 43.680) (182.980, 43.680) on layer: M1
Net clk__L3_N10: dangling Wire at (174.580, 49.280) (174.580, 49.280) on layer: M1
Net clk__L3_N9, Pin diffy3_out_reg_16_/CK: unconnected terminal at (112.900, 49.280) (113.050, 49.510)
Net clk__L3_N9, Pin diffy1_out_reg_15_/CK: unconnected terminal at (130.540, 38.080) (130.690, 38.310)
Net clk__L3_N9: open at (108.500, 26.620) (152.540, 49.510)
Net clk__L3_N9: dangling Wire at (108.500, 49.280) (108.500, 49.280) on layer: M1
Net clk__L3_N9: dangling Wire at (126.140, 38.080) (126.140, 38.080) on layer: M1
Net clk__L3_N7, Pin diffy2_out_reg_29_/CK: unconnected terminal at (39.820, 38.080) (39.970, 38.310)
Net clk__L3_N7: open at (35.420, 32.220) (69.370, 51.780)
Net clk__L3_N7: dangling Wire at (35.420, 38.080) (35.420, 38.080) on layer: M1
Net clk__L3_N6, Pin resy_org_reg_33_/CK: unconnected terminal at (4.540, 49.280) (4.690, 49.510)
Net clk__L3_N6, Pin diffy2_reg_29_/CK: unconnected terminal at (31.980, 40.090) (32.130, 40.320)
Net clk__L3_N6: open at (0.140, 32.220) (35.500, 51.780)
Net clk__L3_N6: dangling Wire at (27.580, 40.320) (27.580, 40.320) on layer: M1
Net clk__L3_N6: dangling Wire at (0.140, 49.280) (0.140, 49.280) on layer: M1
Net clk__L3_N5, Pin regMulRES_reg_6_/CK: unconnected terminal at (219.870, 6.490) (220.020, 6.720)
Net clk__L3_N5: open at (178.430, 0.890) (224.420, 23.780)
Net clk__L3_N5: dangling Wire at (224.420, 6.720) (224.420, 6.720) on layer: M1
Net clk__L3_N3, Pin diffx3_out_reg_10_/CK: unconnected terminal at (152.670, 12.090) (152.820, 12.320)
Net clk__L3_N3: open at (132.500, 0.890) (157.220, 23.780)
Net clk__L3_N3: dangling Wire at (157.220, 12.320) (157.220, 12.320) on layer: M1
Net clk__L3_N2, Pin diffy3_reg_20_/CK: unconnected terminal at (94.700, 0.890) (94.850, 1.120)
Net clk__L3_N2, Pin diffy3_reg_21_/CK: unconnected terminal at (91.900, 6.490) (92.050, 6.720)
Net clk__L3_N2: open at (87.500, 0.890) (132.660, 21.510)
Net clk__L3_N2: dangling Wire at (87.500, 6.720) (87.500, 6.720) on layer: M1
Net clk__L3_N2: dangling Wire at (90.300, 1.120) (90.300, 1.120) on layer: M1
Net clk__L3_N1, Pin diffy1_reg_20_/CK: unconnected terminal at (83.230, 4.480) (83.380, 4.710)
Net clk__L3_N1: open at (38.710, 4.220) (87.780, 21.510)
Net clk__L3_N1: dangling Wire at (87.780, 4.480) (87.780, 4.480) on layer: M1
Net clk__L3_N0, Pin diffy2_out_reg_32_/CK: unconnected terminal at (4.820, 21.280) (4.970, 21.510)
Net clk__L3_N0: open at (0.420, 4.220) (35.500, 27.110)
Net clk__L3_N0: dangling Wire at (0.420, 21.280) (0.420, 21.280) on layer: M1

Begin Summary
    51 Problem(s) (ENCVFC-96): Terminal(s) are not connected.
    40 Problem(s) (ENCVFC-92): Pieces of the net are not connected together.
    51 Problem(s) (ENCVFC-94): The net has dangling wire(s).
    142 total info(s) created.
End Summary
